{"uuid":"077e44bd-55f7-4238-a417-dd66868de41f","historyId":"f7a416493d35ecf5475529db637f6e28","testCaseId":"faee0cabc3cfa67d817f3140cab550c8","fullName":"src/test/resources/features/03batchModule/batchModule.feature:18","labels":[{"name":"tag","value":"test"},{"name":"host","value":"AnbuPC"},{"name":"thread","value":"26380@AnbuPC.main(1)"},{"name":"feature","value":"Admin Batch Module"},{"name":"story","value":"Check if admin able to create a Batch with endpoint and request body"},{"name":"suite","value":"Admin Batch Module"},{"name":"testClass","value":"Check if admin able to create a Batch with endpoint and request body"},{"name":"framework","value":"cucumber4jvm"},{"name":"language","value":"java"},{"name":"gherkin_uri","value":"file:///C:/Users/anbum/OneDrive/Desktop/Anbu/LMS_Phase2_RestAssured/LMS_GIT/Team04_APIAvengers_LMSHackathon/src/test/resources/features/03batchModule/batchModule.feature"},{"name":"package","value":"src.test.resources.features.03batchModule.batchModule_feature.Admin Batch Module"}],"links":[],"name":"Check if admin able to create a Batch with endpoint and request body","status":"failed","statusDetails":{"known":false,"muted":false,"flaky":false,"message":"expected [true] but found [io.restassured.internal.ValidatableResponseImpl@1f7949dc]","trace":"java.lang.AssertionError: expected [true] but found [io.restassured.internal.ValidatableResponseImpl@1f7949dc]\r\n\tat org.testng.Assert.fail(Assert.java:111)\r\n\tat org.testng.Assert.failNotEquals(Assert.java:1578)\r\n\tat org.testng.Assert.assertEqualsImpl(Assert.java:150)\r\n\tat org.testng.Assert.assertEquals(Assert.java:132)\r\n\tat org.testng.Assert.assertEquals(Assert.java:644)\r\n\tat api.Request.BatchModuleRequest.createBatchResponseValidation(BatchModuleRequest.java:131)\r\n\tat api.StepDefinitions.BatchModuleSteps.admin_receives_respective_status_codes_for_the_test_cases(BatchModuleSteps.java:36)\r\n\tat ✽.Admin receives respective status codes \"201\" for the TestCases(file:///C:/Users/anbum/OneDrive/Desktop/Anbu/LMS_Phase2_RestAssured/LMS_GIT/Team04_APIAvengers_LMSHackathon/src/test/resources/features/03batchModule/batchModule.feature:9)\r\n"},"stage":"finished","steps":[{"name":"Given Admin creates POST request body for the Testcases \"POST-BATCH-05\"","status":"passed","statusDetails":{"known":false,"muted":false,"flaky":false},"stage":"finished","steps":[],"attachments":[],"parameters":[],"start":1732481253530,"stop":1732481253602},{"name":"When Admin sends HTTPS Request with endpoint","status":"passed","statusDetails":{"known":false,"muted":false,"flaky":false},"stage":"finished","steps":[],"attachments":[],"parameters":[],"start":1732481253605,"stop":1732481253752},{"name":"Then Admin receives respective status codes \"201\" for the TestCases","status":"failed","statusDetails":{"known":false,"muted":false,"flaky":false,"message":"expected [true] but found [io.restassured.internal.ValidatableResponseImpl@1f7949dc]","trace":"java.lang.AssertionError: expected [true] but found [io.restassured.internal.ValidatableResponseImpl@1f7949dc]\r\n\tat org.testng.Assert.fail(Assert.java:111)\r\n\tat org.testng.Assert.failNotEquals(Assert.java:1578)\r\n\tat org.testng.Assert.assertEqualsImpl(Assert.java:150)\r\n\tat org.testng.Assert.assertEquals(Assert.java:132)\r\n\tat org.testng.Assert.assertEquals(Assert.java:644)\r\n\tat api.Request.BatchModuleRequest.createBatchResponseValidation(BatchModuleRequest.java:131)\r\n\tat api.StepDefinitions.BatchModuleSteps.admin_receives_respective_status_codes_for_the_test_cases(BatchModuleSteps.java:36)\r\n\tat ✽.Admin receives respective status codes \"201\" for the TestCases(file:///C:/Users/anbum/OneDrive/Desktop/Anbu/LMS_Phase2_RestAssured/LMS_GIT/Team04_APIAvengers_LMSHackathon/src/test/resources/features/03batchModule/batchModule.feature:9)\r\n"},"stage":"finished","steps":[],"attachments":[],"parameters":[],"start":1732481253753,"stop":1732481254163}],"attachments":[],"parameters":[{"name":"TestCase","value":"POST-BATCH-05"},{"name":"Exp_StatusCode","value":"201"}],"start":1732481253530,"stop":1732481254164}