{"uuid":"09d34ac8-4787-410d-bb45-073cf6dc6db2","historyId":"f2b087c470df7de54cc763ca2d1f231","testCaseId":"f8305652034d52cbb8ccb3794bd70ca3","fullName":"src/test/resources/features/02programModule/programCreate.feature:56","labels":[{"name":"tag","value":"ProgramModuleAPIVerification"},{"name":"tag","value":"TC6"},{"name":"host","value":"Mahesh_PC"},{"name":"thread","value":"1396@Mahesh_PC.main(1)"},{"name":"feature","value":"Create Program Module"},{"name":"story","value":"Validate API response for creating a program"},{"name":"suite","value":"Create Program Module"},{"name":"testClass","value":"Validate API response for creating a program"},{"name":"framework","value":"cucumber4jvm"},{"name":"language","value":"java"},{"name":"gherkin_uri","value":"file:///C:/Users/manal_/git/Team04_APIAvengers_LMSHackathon/src/test/resources/features/02programModule/programCreate.feature"},{"name":"package","value":"src.test.resources.features.02programModule.programCreate_feature.Create Program Module"}],"links":[],"name":"Validate API response for creating a program","status":"failed","statusDetails":{"known":false,"muted":false,"flaky":false,"message":"Test case ID not found: TC02 expected [true] but found [false]","trace":"java.lang.AssertionError: Test case ID not found: TC02 expected [true] but found [false]\r\n\tat org.testng.Assert.fail(Assert.java:111)\r\n\tat org.testng.Assert.failNotEquals(Assert.java:1578)\r\n\tat org.testng.Assert.assertTrue(Assert.java:57)\r\n\tat api.StepDefinitions.ProgramCreateSteps.admin_creates_post_request_body_for(ProgramCreateSteps.java:150)\r\n\tat ✽.Admin creates POST request body for \"TC02\"(file:///C:/Users/manal_/git/Team04_APIAvengers_LMSHackathon/src/test/resources/features/02programModule/programCreate.feature:49)\r\n"},"stage":"finished","steps":[{"name":"Given Admin creates POST request body for \"TC02\"","status":"failed","statusDetails":{"known":false,"muted":false,"flaky":false,"message":"Test case ID not found: TC02 expected [true] but found [false]","trace":"java.lang.AssertionError: Test case ID not found: TC02 expected [true] but found [false]\r\n\tat org.testng.Assert.fail(Assert.java:111)\r\n\tat org.testng.Assert.failNotEquals(Assert.java:1578)\r\n\tat org.testng.Assert.assertTrue(Assert.java:57)\r\n\tat api.StepDefinitions.ProgramCreateSteps.admin_creates_post_request_body_for(ProgramCreateSteps.java:150)\r\n\tat ✽.Admin creates POST request body for \"TC02\"(file:///C:/Users/manal_/git/Team04_APIAvengers_LMSHackathon/src/test/resources/features/02programModule/programCreate.feature:49)\r\n"},"stage":"finished","steps":[],"attachments":[],"parameters":[],"start":1732252825077,"stop":1732252825112},{"name":"When Admin sends POST request to create a program","status":"skipped","statusDetails":{"known":false,"muted":false,"flaky":false},"stage":"finished","steps":[],"attachments":[],"parameters":[],"start":1732252825112,"stop":1732252825113},{"name":"Then Response status code should be \"400\"","status":"skipped","statusDetails":{"known":false,"muted":false,"flaky":false},"stage":"finished","steps":[],"attachments":[],"parameters":[],"start":1732252825113,"stop":1732252825113}],"attachments":[],"parameters":[{"name":"TestCaseID","value":"TC02"},{"name":"ExpectedStatusCode","value":"400"}],"start":1732252825077,"stop":1732252825113}