{"uuid":"1cff020f-1800-4059-b1d1-ccb9cc3bcbc5","historyId":"38574d4e5bef06051a7cff8f8ce98a2a","testCaseId":"726af8facb902b46d2b84c95a96e8205","fullName":"src/test/resources/features/03batchModule/batchCreate.feature:17","labels":[{"name":"tag","value":"test"},{"name":"host","value":"AnbuPC"},{"name":"thread","value":"18864@AnbuPC.main(1)"},{"name":"feature","value":"Admin Batch Module"},{"name":"story","value":"Check if admin able to create a Batch with valid endpoint and request body"},{"name":"suite","value":"Admin Batch Module"},{"name":"testClass","value":"Check if admin able to create a Batch with valid endpoint and request body"},{"name":"framework","value":"cucumber4jvm"},{"name":"language","value":"java"},{"name":"gherkin_uri","value":"file:///C:/Users/anbum/OneDrive/Desktop/Anbu/LMS_Phase2_RestAssured/LMS_GIT/Team04_APIAvengers_LMSHackathon/src/test/resources/features/03batchModule/batchCreate.feature"},{"name":"package","value":"src.test.resources.features.03batchModule.batchCreate_feature.Admin Batch Module"}],"links":[],"name":"Check if admin able to create a Batch with valid endpoint and request body","status":"failed","statusDetails":{"known":false,"muted":false,"flaky":false,"message":"expected [404] but found [401]","trace":"java.lang.AssertionError: expected [404] but found [401]\r\n\tat org.testng.Assert.fail(Assert.java:111)\r\n\tat org.testng.Assert.failNotEquals(Assert.java:1578)\r\n\tat org.testng.Assert.assertEqualsImpl(Assert.java:150)\r\n\tat org.testng.Assert.assertEquals(Assert.java:132)\r\n\tat org.testng.Assert.assertEquals(Assert.java:1419)\r\n\tat org.testng.Assert.assertEquals(Assert.java:1383)\r\n\tat org.testng.Assert.assertEquals(Assert.java:1429)\r\n\tat api.Request.CreateBatchRequest.StatuscodeValidation(CreateBatchRequest.java:87)\r\n\tat api.StepDefinitions.CreateBatchSteps.admin_receives_respective_status_codes_for_the_test_cases(CreateBatchSteps.java:43)\r\n\tat ✽.Admin receives respective status codes \"404\" for the TestCases(file:///C:/Users/anbum/OneDrive/Desktop/Anbu/LMS_Phase2_RestAssured/LMS_GIT/Team04_APIAvengers_LMSHackathon/src/test/resources/features/03batchModule/batchCreate.feature:12)\r\n"},"stage":"finished","steps":[{"name":"Given Admin sets Authorization to Bearer Token","status":"passed","statusDetails":{"known":false,"muted":false,"flaky":false},"stage":"finished","steps":[],"attachments":[],"parameters":[],"start":1732228080095,"stop":1732228080106},{"name":"Given Admin creates POST request body for the Testcases \"POST-BATCH-01\"","status":"passed","statusDetails":{"known":false,"muted":false,"flaky":false},"stage":"finished","steps":[],"attachments":[],"parameters":[],"start":1732228080108,"stop":1732228081361},{"name":"When Admin sends HTTPS Request with endpoint","status":"passed","statusDetails":{"known":false,"muted":false,"flaky":false},"stage":"finished","steps":[],"attachments":[],"parameters":[],"start":1732228081362,"stop":1732228081550},{"name":"Then Admin receives respective status codes \"404\" for the TestCases","status":"failed","statusDetails":{"known":false,"muted":false,"flaky":false,"message":"expected [404] but found [401]","trace":"java.lang.AssertionError: expected [404] but found [401]\r\n\tat org.testng.Assert.fail(Assert.java:111)\r\n\tat org.testng.Assert.failNotEquals(Assert.java:1578)\r\n\tat org.testng.Assert.assertEqualsImpl(Assert.java:150)\r\n\tat org.testng.Assert.assertEquals(Assert.java:132)\r\n\tat org.testng.Assert.assertEquals(Assert.java:1419)\r\n\tat org.testng.Assert.assertEquals(Assert.java:1383)\r\n\tat org.testng.Assert.assertEquals(Assert.java:1429)\r\n\tat api.Request.CreateBatchRequest.StatuscodeValidation(CreateBatchRequest.java:87)\r\n\tat api.StepDefinitions.CreateBatchSteps.admin_receives_respective_status_codes_for_the_test_cases(CreateBatchSteps.java:43)\r\n\tat ✽.Admin receives respective status codes \"404\" for the TestCases(file:///C:/Users/anbum/OneDrive/Desktop/Anbu/LMS_Phase2_RestAssured/LMS_GIT/Team04_APIAvengers_LMSHackathon/src/test/resources/features/03batchModule/batchCreate.feature:12)\r\n"},"stage":"finished","steps":[],"attachments":[],"parameters":[],"start":1732228081551,"stop":1732228081574}],"attachments":[],"parameters":[{"name":"TestCase","value":"POST-BATCH-01"},{"name":"Exp_StatusCode","value":"404"}],"start":1732228080093,"stop":1732228081575}