{"uuid":"1e06032a-41e5-4981-b3fe-dc8d0566069d","historyId":"4a4c5bc96614333f92ca156e7e171bf","testCaseId":"bb3df5a402abff938c86e4302a25ac88","fullName":"src/test/resources/features/02programModule/programCreate.feature:97","labels":[{"name":"tag","value":"ProgramModuleAPIVerification"},{"name":"tag","value":"TC7"},{"name":"host","value":"Mahesh_PC"},{"name":"thread","value":"61832@Mahesh_PC.main(1)"},{"name":"feature","value":"Create Program Module"},{"name":"story","value":"Validate API response for updating program with valid request body"},{"name":"suite","value":"Create Program Module"},{"name":"testClass","value":"Validate API response for updating program with valid request body"},{"name":"framework","value":"cucumber4jvm"},{"name":"language","value":"java"},{"name":"gherkin_uri","value":"file:///C:/Users/manal_/git/Team04_APIAvengers_LMSHackathon/src/test/resources/features/02programModule/programCreate.feature"},{"name":"package","value":"src.test.resources.features.02programModule.programCreate_feature.Create Program Module"}],"links":[],"name":"Validate API response for updating program with valid request body","status":"failed","statusDetails":{"known":false,"muted":false,"flaky":false,"message":"expected [200] but found [400]","trace":"java.lang.AssertionError: expected [200] but found [400]\r\n\tat org.testng.Assert.fail(Assert.java:111)\r\n\tat org.testng.Assert.failNotEquals(Assert.java:1578)\r\n\tat org.testng.Assert.assertEqualsImpl(Assert.java:150)\r\n\tat org.testng.Assert.assertEquals(Assert.java:132)\r\n\tat org.testng.Assert.assertEquals(Assert.java:1419)\r\n\tat org.testng.Assert.assertEquals(Assert.java:1383)\r\n\tat org.testng.Assert.assertEquals(Assert.java:1429)\r\n\tat api.StepDefinitions.ProgramCreateSteps.response_status_code_should_be(ProgramCreateSteps.java:186)\r\n\tat ✽.Response status code should be \"200\"(file:///C:/Users/manal_/git/Team04_APIAvengers_LMSHackathon/src/test/resources/features/02programModule/programCreate.feature:93)\r\n"},"stage":"finished","steps":[{"name":"Given Admin creates PUT request body for \"PUT_PROGRAM_01\"","status":"passed","statusDetails":{"known":false,"muted":false,"flaky":false},"stage":"finished","steps":[],"attachments":[],"parameters":[],"start":1732424163767,"stop":1732424163804},{"name":"When Admin sends PUT request for 0 with valid request body for \"PUT_PROGRAM_01\"","status":"passed","statusDetails":{"known":false,"muted":false,"flaky":false},"stage":"finished","steps":[],"attachments":[],"parameters":[],"start":1732424163804,"stop":1732424164032},{"name":"Then Response status code should be \"200\"","status":"failed","statusDetails":{"known":false,"muted":false,"flaky":false,"message":"expected [200] but found [400]","trace":"java.lang.AssertionError: expected [200] but found [400]\r\n\tat org.testng.Assert.fail(Assert.java:111)\r\n\tat org.testng.Assert.failNotEquals(Assert.java:1578)\r\n\tat org.testng.Assert.assertEqualsImpl(Assert.java:150)\r\n\tat org.testng.Assert.assertEquals(Assert.java:132)\r\n\tat org.testng.Assert.assertEquals(Assert.java:1419)\r\n\tat org.testng.Assert.assertEquals(Assert.java:1383)\r\n\tat org.testng.Assert.assertEquals(Assert.java:1429)\r\n\tat api.StepDefinitions.ProgramCreateSteps.response_status_code_should_be(ProgramCreateSteps.java:186)\r\n\tat ✽.Response status code should be \"200\"(file:///C:/Users/manal_/git/Team04_APIAvengers_LMSHackathon/src/test/resources/features/02programModule/programCreate.feature:93)\r\n"},"stage":"finished","steps":[],"attachments":[],"parameters":[],"start":1732424164033,"stop":1732424164058}],"attachments":[],"parameters":[{"name":"TestCaseID","value":"PUT_PROGRAM_01"},{"name":"ExpectedStatusCode","value":"200"},{"name":"programNameIndex","value":"0"}],"start":1732424163766,"stop":1732424164059}