{"uuid":"26cc3218-e06e-4886-ac67-020c9522acaa","historyId":"c629ab4cde7caef22aab1b46652a13a4","testCaseId":"d841173f6c86e47e6c21c52e4663b842","fullName":"src/test/resources/features/02programModule/03programUpdate.feature:28","labels":[{"name":"tag","value":"ProgramModuleAPIVerification"},{"name":"tag","value":"TC8"},{"name":"host","value":"Mahesh_PC"},{"name":"thread","value":"60044@Mahesh_PC.main(1)"},{"name":"feature","value":"Update Program Module"},{"name":"story","value":"Validate API response for updating program with invalid Program Name"},{"name":"suite","value":"Update Program Module"},{"name":"testClass","value":"Validate API response for updating program with invalid Program Name"},{"name":"framework","value":"cucumber4jvm"},{"name":"language","value":"java"},{"name":"gherkin_uri","value":"file:///C:/Users/manal_/git/Team04_APIAvengers_LMSHackathon/src/test/resources/features/02programModule/03programUpdate.feature"},{"name":"package","value":"src.test.resources.features.02programModule.03programUpdate_feature.Update Program Module"}],"links":[],"name":"Validate API response for updating program with invalid Program Name","status":"failed","statusDetails":{"known":false,"muted":false,"flaky":false,"message":"Expected status code does not match actual status code. expected [404] but found [401]","trace":"java.lang.AssertionError: Expected status code does not match actual status code. expected [404] but found [401]\r\n\tat org.testng.Assert.fail(Assert.java:111)\r\n\tat org.testng.Assert.failNotEquals(Assert.java:1578)\r\n\tat org.testng.Assert.assertEqualsImpl(Assert.java:150)\r\n\tat org.testng.Assert.assertEquals(Assert.java:132)\r\n\tat org.testng.Assert.assertEquals(Assert.java:1419)\r\n\tat org.testng.Assert.assertEquals(Assert.java:1383)\r\n\tat api.StepDefinitions.ProgramCreateSteps.response_status_code_should_be(ProgramCreateSteps.java:233)\r\n\tat ✽.Response status code should be \"404\"(file:///C:/Users/manal_/git/Team04_APIAvengers_LMSHackathon/src/test/resources/features/02programModule/03programUpdate.feature:24)\r\n"},"stage":"finished","steps":[{"name":"Given Admin creates PUT request body for \"PUT_PROGRAM_05\"","status":"passed","statusDetails":{"known":false,"muted":false,"flaky":false},"stage":"finished","steps":[],"attachments":[],"parameters":[],"start":1732507852248,"stop":1732507852305},{"name":"When Admin sends PUT request with invalid Program Name for \"PUT_PROGRAM_05\"","status":"passed","statusDetails":{"known":false,"muted":false,"flaky":false},"stage":"finished","steps":[],"attachments":[],"parameters":[],"start":1732507852305,"stop":1732507852525},{"name":"Then Response status code should be \"404\"","status":"failed","statusDetails":{"known":false,"muted":false,"flaky":false,"message":"Expected status code does not match actual status code. expected [404] but found [401]","trace":"java.lang.AssertionError: Expected status code does not match actual status code. expected [404] but found [401]\r\n\tat org.testng.Assert.fail(Assert.java:111)\r\n\tat org.testng.Assert.failNotEquals(Assert.java:1578)\r\n\tat org.testng.Assert.assertEqualsImpl(Assert.java:150)\r\n\tat org.testng.Assert.assertEquals(Assert.java:132)\r\n\tat org.testng.Assert.assertEquals(Assert.java:1419)\r\n\tat org.testng.Assert.assertEquals(Assert.java:1383)\r\n\tat api.StepDefinitions.ProgramCreateSteps.response_status_code_should_be(ProgramCreateSteps.java:233)\r\n\tat ✽.Response status code should be \"404\"(file:///C:/Users/manal_/git/Team04_APIAvengers_LMSHackathon/src/test/resources/features/02programModule/03programUpdate.feature:24)\r\n"},"stage":"finished","steps":[],"attachments":[],"parameters":[],"start":1732507852525,"stop":1732507852543}],"attachments":[],"parameters":[{"name":"TestCaseID","value":"PUT_PROGRAM_05"},{"name":"ExpectedStatusCode","value":"404"}],"start":1732507852248,"stop":1732507852543}