{"uuid":"5194169f-19bd-4cc1-904f-80ac73731283","historyId":"8051a01978519bf28692ea5d0df44253","testCaseId":"c8d019ecd04f8857ac7f1cbca92062f7","fullName":"src/test/resources/features/02programModule/programCreate.feature:116","labels":[{"name":"tag","value":"ProgramModuleAPIVerification"},{"name":"tag","value":"TC10"},{"name":"host","value":"Mahesh_PC"},{"name":"thread","value":"39360@Mahesh_PC.main(1)"},{"name":"feature","value":"Create Program Module"},{"name":"story","value":"Validate API response for updating program by ID"},{"name":"suite","value":"Create Program Module"},{"name":"testClass","value":"Validate API response for updating program by ID"},{"name":"framework","value":"cucumber4jvm"},{"name":"language","value":"java"},{"name":"gherkin_uri","value":"file:///C:/Users/manal_/git/Team04_APIAvengers_LMSHackathon/src/test/resources/features/02programModule/programCreate.feature"},{"name":"package","value":"src.test.resources.features.02programModule.programCreate_feature.Create Program Module"}],"links":[],"name":"Validate API response for updating program by ID","status":"failed","statusDetails":{"known":false,"muted":false,"flaky":false,"message":"expected [200] but found [401]","trace":"java.lang.AssertionError: expected [200] but found [401]\r\n\tat org.testng.Assert.fail(Assert.java:111)\r\n\tat org.testng.Assert.failNotEquals(Assert.java:1578)\r\n\tat org.testng.Assert.assertEqualsImpl(Assert.java:150)\r\n\tat org.testng.Assert.assertEquals(Assert.java:132)\r\n\tat org.testng.Assert.assertEquals(Assert.java:1419)\r\n\tat org.testng.Assert.assertEquals(Assert.java:1383)\r\n\tat org.testng.Assert.assertEquals(Assert.java:1429)\r\n\tat api.StepDefinitions.ProgramCreateSteps.response_status_code_should_be(ProgramCreateSteps.java:239)\r\n\tat ✽.Response status code should be \"200\"(file:///C:/Users/manal_/git/Team04_APIAvengers_LMSHackathon/src/test/resources/features/02programModule/programCreate.feature:110)\r\n"},"stage":"finished","steps":[{"name":"Given Admin creates PUT request body for \"PUT_PROGRAM_ID_03\"","status":"passed","statusDetails":{"known":false,"muted":false,"flaky":false},"stage":"finished","steps":[],"attachments":[],"parameters":[],"start":1732494029206,"stop":1732494029237},{"name":"When Admin sends PUT request for 0 by Program ID for \"PUT_PROGRAM_ID_03\"","status":"passed","statusDetails":{"known":false,"muted":false,"flaky":false},"stage":"finished","steps":[],"attachments":[],"parameters":[],"start":1732494029237,"stop":1732494029428},{"name":"Then Response status code should be \"200\"","status":"failed","statusDetails":{"known":false,"muted":false,"flaky":false,"message":"expected [200] but found [401]","trace":"java.lang.AssertionError: expected [200] but found [401]\r\n\tat org.testng.Assert.fail(Assert.java:111)\r\n\tat org.testng.Assert.failNotEquals(Assert.java:1578)\r\n\tat org.testng.Assert.assertEqualsImpl(Assert.java:150)\r\n\tat org.testng.Assert.assertEquals(Assert.java:132)\r\n\tat org.testng.Assert.assertEquals(Assert.java:1419)\r\n\tat org.testng.Assert.assertEquals(Assert.java:1383)\r\n\tat org.testng.Assert.assertEquals(Assert.java:1429)\r\n\tat api.StepDefinitions.ProgramCreateSteps.response_status_code_should_be(ProgramCreateSteps.java:239)\r\n\tat ✽.Response status code should be \"200\"(file:///C:/Users/manal_/git/Team04_APIAvengers_LMSHackathon/src/test/resources/features/02programModule/programCreate.feature:110)\r\n"},"stage":"finished","steps":[],"attachments":[],"parameters":[],"start":1732494029429,"stop":1732494029430}],"attachments":[],"parameters":[{"name":"TestCaseID","value":"PUT_PROGRAM_ID_03"},{"name":"ExpectedStatusCode","value":"200"},{"name":"programIndex","value":"0"}],"start":1732494029206,"stop":1732494029436}