{"uuid":"553ac500-665f-4fe3-92a4-11acd08ad6d3","historyId":"d98dcab31d165ea9211538184e0b6bac","testCaseId":"8be8b1ebc8357e5db3faf43cbe615595","fullName":"src/test/resources/features/02programModule/programCreate.feature:93","labels":[{"name":"tag","value":"ProgramModuleAPIVerification"},{"name":"tag","value":"TC8"},{"name":"host","value":"Mahesh_PC"},{"name":"thread","value":"39360@Mahesh_PC.main(1)"},{"name":"feature","value":"Create Program Module"},{"name":"story","value":"Validate API response for updating program with invalid Program Name"},{"name":"suite","value":"Create Program Module"},{"name":"testClass","value":"Validate API response for updating program with invalid Program Name"},{"name":"framework","value":"cucumber4jvm"},{"name":"language","value":"java"},{"name":"gherkin_uri","value":"file:///C:/Users/manal_/git/Team04_APIAvengers_LMSHackathon/src/test/resources/features/02programModule/programCreate.feature"},{"name":"package","value":"src.test.resources.features.02programModule.programCreate_feature.Create Program Module"}],"links":[],"name":"Validate API response for updating program with invalid Program Name","status":"failed","statusDetails":{"known":false,"muted":false,"flaky":false,"message":"expected [404] but found [401]","trace":"java.lang.AssertionError: expected [404] but found [401]\r\n\tat org.testng.Assert.fail(Assert.java:111)\r\n\tat org.testng.Assert.failNotEquals(Assert.java:1578)\r\n\tat org.testng.Assert.assertEqualsImpl(Assert.java:150)\r\n\tat org.testng.Assert.assertEquals(Assert.java:132)\r\n\tat org.testng.Assert.assertEquals(Assert.java:1419)\r\n\tat org.testng.Assert.assertEquals(Assert.java:1383)\r\n\tat org.testng.Assert.assertEquals(Assert.java:1429)\r\n\tat api.StepDefinitions.ProgramCreateSteps.response_status_code_should_be(ProgramCreateSteps.java:239)\r\n\tat ✽.Response status code should be \"404\"(file:///C:/Users/manal_/git/Team04_APIAvengers_LMSHackathon/src/test/resources/features/02programModule/programCreate.feature:89)\r\n"},"stage":"finished","steps":[{"name":"Given Admin creates PUT request body for \"PUT_PROGRAM_05\"","status":"passed","statusDetails":{"known":false,"muted":false,"flaky":false},"stage":"finished","steps":[],"attachments":[],"parameters":[],"start":1732494028110,"stop":1732494028157},{"name":"When Admin sends PUT request with invalid Program Name for \"PUT_PROGRAM_05\"","status":"passed","statusDetails":{"known":false,"muted":false,"flaky":false},"stage":"finished","steps":[],"attachments":[],"parameters":[],"start":1732494028161,"stop":1732494028355},{"name":"Then Response status code should be \"404\"","status":"failed","statusDetails":{"known":false,"muted":false,"flaky":false,"message":"expected [404] but found [401]","trace":"java.lang.AssertionError: expected [404] but found [401]\r\n\tat org.testng.Assert.fail(Assert.java:111)\r\n\tat org.testng.Assert.failNotEquals(Assert.java:1578)\r\n\tat org.testng.Assert.assertEqualsImpl(Assert.java:150)\r\n\tat org.testng.Assert.assertEquals(Assert.java:132)\r\n\tat org.testng.Assert.assertEquals(Assert.java:1419)\r\n\tat org.testng.Assert.assertEquals(Assert.java:1383)\r\n\tat org.testng.Assert.assertEquals(Assert.java:1429)\r\n\tat api.StepDefinitions.ProgramCreateSteps.response_status_code_should_be(ProgramCreateSteps.java:239)\r\n\tat ✽.Response status code should be \"404\"(file:///C:/Users/manal_/git/Team04_APIAvengers_LMSHackathon/src/test/resources/features/02programModule/programCreate.feature:89)\r\n"},"stage":"finished","steps":[],"attachments":[],"parameters":[],"start":1732494028356,"stop":1732494028359}],"attachments":[],"parameters":[{"name":"TestCaseID","value":"PUT_PROGRAM_05"},{"name":"ExpectedStatusCode","value":"404"}],"start":1732494028110,"stop":1732494028360}