{"uuid":"5c9cc496-4f25-4e07-a482-007547daab7f","historyId":"1d7716c5fbc3dddef53e544cf045a6b3","testCaseId":"726af8facb902b46d2b84c95a96e8205","fullName":"src/test/resources/features/03batchModule/batchCreate.feature:20","labels":[{"name":"tag","value":"test"},{"name":"host","value":"AnbuPC"},{"name":"thread","value":"19812@AnbuPC.main(1)"},{"name":"feature","value":"Admin Batch Module"},{"name":"story","value":"Check if admin able to create a Batch with valid endpoint and request body"},{"name":"suite","value":"Admin Batch Module"},{"name":"testClass","value":"Check if admin able to create a Batch with valid endpoint and request body"},{"name":"framework","value":"cucumber4jvm"},{"name":"language","value":"java"},{"name":"gherkin_uri","value":"file:///C:/Users/anbum/OneDrive/Desktop/Anbu/LMS_Phase2_RestAssured/LMS_GIT/Team04_APIAvengers_LMSHackathon/src/test/resources/features/03batchModule/batchCreate.feature"},{"name":"package","value":"src.test.resources.features.03batchModule.batchCreate_feature.Admin Batch Module"}],"links":[],"name":"Check if admin able to create a Batch with valid endpoint and request body","status":"failed","statusDetails":{"known":false,"muted":false,"flaky":false,"message":"expected [400] but found [404]","trace":"java.lang.AssertionError: expected [400] but found [404]\r\n\tat org.testng.Assert.fail(Assert.java:111)\r\n\tat org.testng.Assert.failNotEquals(Assert.java:1578)\r\n\tat org.testng.Assert.assertEqualsImpl(Assert.java:150)\r\n\tat org.testng.Assert.assertEquals(Assert.java:132)\r\n\tat org.testng.Assert.assertEquals(Assert.java:1419)\r\n\tat org.testng.Assert.assertEquals(Assert.java:1383)\r\n\tat org.testng.Assert.assertEquals(Assert.java:1429)\r\n\tat api.Request.CreateBatchRequest.StatuscodeValidation(CreateBatchRequest.java:84)\r\n\tat api.StepDefinitions.CreateBatchSteps.admin_receives_respective_status_codes_for_the_test_cases(CreateBatchSteps.java:46)\r\n\tat ✽.Admin receives respective status codes \"400\" for the TestCases(file:///C:/Users/anbum/OneDrive/Desktop/Anbu/LMS_Phase2_RestAssured/LMS_GIT/Team04_APIAvengers_LMSHackathon/src/test/resources/features/03batchModule/batchCreate.feature:13)\r\n"},"stage":"finished","steps":[{"name":"Given Admin sets \"<Valid>\" Authorization to Bearer Token","status":"passed","statusDetails":{"known":false,"muted":false,"flaky":false},"stage":"finished","steps":[],"attachments":[],"parameters":[],"start":1732246337423,"stop":1732246337424},{"name":"Given Admin creates POST request body for the Testcases \"POST-BATCH-03\"","status":"passed","statusDetails":{"known":false,"muted":false,"flaky":false},"stage":"finished","steps":[],"attachments":[],"parameters":[],"start":1732246337424,"stop":1732246337499},{"name":"When Admin sends HTTPS Request with endpoint","status":"passed","statusDetails":{"known":false,"muted":false,"flaky":false},"stage":"finished","steps":[],"attachments":[],"parameters":[],"start":1732246337500,"stop":1732246337667},{"name":"Then Admin receives respective status codes \"400\" for the TestCases","status":"failed","statusDetails":{"known":false,"muted":false,"flaky":false,"message":"expected [400] but found [404]","trace":"java.lang.AssertionError: expected [400] but found [404]\r\n\tat org.testng.Assert.fail(Assert.java:111)\r\n\tat org.testng.Assert.failNotEquals(Assert.java:1578)\r\n\tat org.testng.Assert.assertEqualsImpl(Assert.java:150)\r\n\tat org.testng.Assert.assertEquals(Assert.java:132)\r\n\tat org.testng.Assert.assertEquals(Assert.java:1419)\r\n\tat org.testng.Assert.assertEquals(Assert.java:1383)\r\n\tat org.testng.Assert.assertEquals(Assert.java:1429)\r\n\tat api.Request.CreateBatchRequest.StatuscodeValidation(CreateBatchRequest.java:84)\r\n\tat api.StepDefinitions.CreateBatchSteps.admin_receives_respective_status_codes_for_the_test_cases(CreateBatchSteps.java:46)\r\n\tat ✽.Admin receives respective status codes \"400\" for the TestCases(file:///C:/Users/anbum/OneDrive/Desktop/Anbu/LMS_Phase2_RestAssured/LMS_GIT/Team04_APIAvengers_LMSHackathon/src/test/resources/features/03batchModule/batchCreate.feature:13)\r\n"},"stage":"finished","steps":[],"attachments":[],"parameters":[],"start":1732246337668,"stop":1732246337671}],"attachments":[],"parameters":[{"name":"TestCase","value":"POST-BATCH-03"},{"name":"Exp_StatusCode","value":"400"}],"start":1732246337423,"stop":1732246337672}