{"uuid":"80d253f7-286f-4738-825c-a42ce77ba1c6","historyId":"b595a07c3d85028cca9ee8794dc574b6","testCaseId":"bb3df5a402abff938c86e4302a25ac88","fullName":"src/test/resources/features/02programModule/programCreate.feature:80","labels":[{"name":"tag","value":"ProgramModuleAPIVerification"},{"name":"tag","value":"TC7"},{"name":"host","value":"Mahesh_PC"},{"name":"thread","value":"47884@Mahesh_PC.main(1)"},{"name":"feature","value":"Create Program Module"},{"name":"story","value":"Validate API response for updating program with valid request body"},{"name":"suite","value":"Create Program Module"},{"name":"testClass","value":"Validate API response for updating program with valid request body"},{"name":"framework","value":"cucumber4jvm"},{"name":"language","value":"java"},{"name":"gherkin_uri","value":"file:///C:/Users/manal_/git/Team04_APIAvengers_LMSHackathon/src/test/resources/features/02programModule/programCreate.feature"},{"name":"package","value":"src.test.resources.features.02programModule.programCreate_feature.Create Program Module"}],"links":[],"name":"Validate API response for updating program with valid request body","status":"failed","statusDetails":{"known":false,"muted":false,"flaky":false,"message":"expected [200] but found [404]","trace":"java.lang.AssertionError: expected [200] but found [404]\r\n\tat org.testng.Assert.fail(Assert.java:111)\r\n\tat org.testng.Assert.failNotEquals(Assert.java:1578)\r\n\tat org.testng.Assert.assertEqualsImpl(Assert.java:150)\r\n\tat org.testng.Assert.assertEquals(Assert.java:132)\r\n\tat org.testng.Assert.assertEquals(Assert.java:1419)\r\n\tat org.testng.Assert.assertEquals(Assert.java:1383)\r\n\tat org.testng.Assert.assertEquals(Assert.java:1429)\r\n\tat api.StepDefinitions.ProgramCreateSteps.response_status_code_should_be(ProgramCreateSteps.java:192)\r\n\tat ✽.Response status code should be \"200\"(file:///C:/Users/manal_/git/Team04_APIAvengers_LMSHackathon/src/test/resources/features/02programModule/programCreate.feature:74)\r\n"},"stage":"finished","steps":[{"name":"Given Admin creates PUT request body for \"PUT_PROGRAM_03\"","status":"passed","statusDetails":{"known":false,"muted":false,"flaky":false},"stage":"finished","steps":[],"attachments":[],"parameters":[],"start":1732433429430,"stop":1732433429495},{"name":"When Admin sends PUT request for 0 with valid request body for \"PUT_PROGRAM_03\"","status":"passed","statusDetails":{"known":false,"muted":false,"flaky":false},"stage":"finished","steps":[],"attachments":[],"parameters":[],"start":1732433429498,"stop":1732433429705},{"name":"Then Response status code should be \"200\"","status":"failed","statusDetails":{"known":false,"muted":false,"flaky":false,"message":"expected [200] but found [404]","trace":"java.lang.AssertionError: expected [200] but found [404]\r\n\tat org.testng.Assert.fail(Assert.java:111)\r\n\tat org.testng.Assert.failNotEquals(Assert.java:1578)\r\n\tat org.testng.Assert.assertEqualsImpl(Assert.java:150)\r\n\tat org.testng.Assert.assertEquals(Assert.java:132)\r\n\tat org.testng.Assert.assertEquals(Assert.java:1419)\r\n\tat org.testng.Assert.assertEquals(Assert.java:1383)\r\n\tat org.testng.Assert.assertEquals(Assert.java:1429)\r\n\tat api.StepDefinitions.ProgramCreateSteps.response_status_code_should_be(ProgramCreateSteps.java:192)\r\n\tat ✽.Response status code should be \"200\"(file:///C:/Users/manal_/git/Team04_APIAvengers_LMSHackathon/src/test/resources/features/02programModule/programCreate.feature:74)\r\n"},"stage":"finished","steps":[],"attachments":[],"parameters":[],"start":1732433429706,"stop":1732433429723}],"attachments":[],"parameters":[{"name":"TestCaseID","value":"PUT_PROGRAM_03"},{"name":"ExpectedStatusCode","value":"200"},{"name":"programNameIndex","value":"0"}],"start":1732433429430,"stop":1732433429724}