{"uuid":"a42f60dd-58f6-4ccb-b49e-58262e64a5fd","historyId":"1bbfc91d5741cf6dbf39c450a6dc0078","testCaseId":"f8305652034d52cbb8ccb3794bd70ca3","fullName":"src/test/resources/features/02programModule/programCreate.feature:55","labels":[{"name":"tag","value":"ProgramModuleAPIVerification"},{"name":"tag","value":"TC6"},{"name":"host","value":"Mahesh_PC"},{"name":"thread","value":"50876@Mahesh_PC.main(1)"},{"name":"feature","value":"Create Program Module"},{"name":"story","value":"Validate API response for creating a program"},{"name":"suite","value":"Create Program Module"},{"name":"testClass","value":"Validate API response for creating a program"},{"name":"framework","value":"cucumber4jvm"},{"name":"language","value":"java"},{"name":"gherkin_uri","value":"file:///C:/Users/manal_/git/Team04_APIAvengers_LMSHackathon/src/test/resources/features/02programModule/programCreate.feature"},{"name":"package","value":"src.test.resources.features.02programModule.programCreate_feature.Create Program Module"}],"links":[],"name":"Validate API response for creating a program","status":"failed","statusDetails":{"known":false,"muted":false,"flaky":false,"message":"expected [false] but found [Test case ID not found: TC01]","trace":"java.lang.AssertionError: expected [false] but found [Test case ID not found: TC01]\r\n\tat org.testng.Assert.fail(Assert.java:111)\r\n\tat org.testng.Assert.failNotEquals(Assert.java:1578)\r\n\tat org.testng.Assert.assertEqualsImpl(Assert.java:150)\r\n\tat org.testng.Assert.assertEquals(Assert.java:132)\r\n\tat org.testng.Assert.assertEquals(Assert.java:644)\r\n\tat api.StepDefinitions.ProgramCreateSteps.admin_creates_post_request_body_for(ProgramCreateSteps.java:150)\r\n\tat ✽.Admin creates POST request body for \"TC01\"(file:///C:/Users/manal_/git/Team04_APIAvengers_LMSHackathon/src/test/resources/features/02programModule/programCreate.feature:49)\r\n"},"stage":"finished","steps":[{"name":"Given Admin creates POST request body for \"TC01\"","status":"failed","statusDetails":{"known":false,"muted":false,"flaky":false,"message":"expected [false] but found [Test case ID not found: TC01]","trace":"java.lang.AssertionError: expected [false] but found [Test case ID not found: TC01]\r\n\tat org.testng.Assert.fail(Assert.java:111)\r\n\tat org.testng.Assert.failNotEquals(Assert.java:1578)\r\n\tat org.testng.Assert.assertEqualsImpl(Assert.java:150)\r\n\tat org.testng.Assert.assertEquals(Assert.java:132)\r\n\tat org.testng.Assert.assertEquals(Assert.java:644)\r\n\tat api.StepDefinitions.ProgramCreateSteps.admin_creates_post_request_body_for(ProgramCreateSteps.java:150)\r\n\tat ✽.Admin creates POST request body for \"TC01\"(file:///C:/Users/manal_/git/Team04_APIAvengers_LMSHackathon/src/test/resources/features/02programModule/programCreate.feature:49)\r\n"},"stage":"finished","steps":[],"attachments":[],"parameters":[],"start":1732249429310,"stop":1732249430089},{"name":"When Admin sends POST request to create a program","status":"skipped","statusDetails":{"known":false,"muted":false,"flaky":false},"stage":"finished","steps":[],"attachments":[],"parameters":[],"start":1732249430090,"stop":1732249430090},{"name":"Then Response status code should be \"201\"","status":"skipped","statusDetails":{"known":false,"muted":false,"flaky":false},"stage":"finished","steps":[],"attachments":[],"parameters":[],"start":1732249430091,"stop":1732249430092}],"attachments":[],"parameters":[{"name":"TestCaseID","value":"TC01"},{"name":"ExpectedStatusCode","value":"201"}],"start":1732249429300,"stop":1732249430095}