{"uuid":"d4474722-169b-44e7-b9b2-143a67b2238c","historyId":"3e209f68fa70208e14f0582d299d2021","testCaseId":"f8305652034d52cbb8ccb3794bd70ca3","fullName":"src/test/resources/features/02programModule/programCreate.feature:34","labels":[{"name":"tag","value":"ProgramModuleAPIVerification"},{"name":"tag","value":"CreateProgramWithExcel"},{"name":"tag","value":"TC4"},{"name":"host","value":"Mahesh_PC"},{"name":"thread","value":"54252@Mahesh_PC.main(1)"},{"name":"feature","value":"Create Program Module"},{"name":"story","value":"Validate API response for creating a program"},{"name":"suite","value":"Create Program Module"},{"name":"testClass","value":"Validate API response for creating a program"},{"name":"framework","value":"cucumber4jvm"},{"name":"language","value":"java"},{"name":"gherkin_uri","value":"file:///C:/Users/manal_/git/Team04_APIAvengers_LMSHackathon/src/test/resources/features/02programModule/programCreate.feature"},{"name":"package","value":"src.test.resources.features.02programModule.programCreate_feature.Create Program Module"}],"links":[],"name":"Validate API response for creating a program","status":"failed","statusDetails":{"known":false,"muted":false,"flaky":false,"message":"expected [201] but found [400]","trace":"java.lang.AssertionError: expected [201] but found [400]\r\n\tat org.testng.Assert.fail(Assert.java:111)\r\n\tat org.testng.Assert.failNotEquals(Assert.java:1578)\r\n\tat org.testng.Assert.assertEqualsImpl(Assert.java:150)\r\n\tat org.testng.Assert.assertEquals(Assert.java:132)\r\n\tat org.testng.Assert.assertEquals(Assert.java:1419)\r\n\tat org.testng.Assert.assertEquals(Assert.java:1383)\r\n\tat org.testng.Assert.assertEquals(Assert.java:1429)\r\n\tat api.StepDefinitions.ProgramCreateSteps.response_status_code_should_be(ProgramCreateSteps.java:141)\r\n\tat ✽.Response status code should be \"201\"(file:///C:/Users/manal_/git/Team04_APIAvengers_LMSHackathon/src/test/resources/features/02programModule/programCreate.feature:30)\r\n"},"stage":"finished","steps":[{"name":"Given Admin creates POST request body for \"TC01\"","status":"passed","statusDetails":{"known":false,"muted":false,"flaky":false},"stage":"finished","steps":[],"attachments":[],"parameters":[],"start":1732305324407,"stop":1732305325409},{"name":"When Admin sends POST request to create a program for \"TC01\"","status":"passed","statusDetails":{"known":false,"muted":false,"flaky":false},"stage":"finished","steps":[],"attachments":[],"parameters":[],"start":1732305325409,"stop":1732305325725},{"name":"Then Response status code should be \"201\"","status":"failed","statusDetails":{"known":false,"muted":false,"flaky":false,"message":"expected [201] but found [400]","trace":"java.lang.AssertionError: expected [201] but found [400]\r\n\tat org.testng.Assert.fail(Assert.java:111)\r\n\tat org.testng.Assert.failNotEquals(Assert.java:1578)\r\n\tat org.testng.Assert.assertEqualsImpl(Assert.java:150)\r\n\tat org.testng.Assert.assertEquals(Assert.java:132)\r\n\tat org.testng.Assert.assertEquals(Assert.java:1419)\r\n\tat org.testng.Assert.assertEquals(Assert.java:1383)\r\n\tat org.testng.Assert.assertEquals(Assert.java:1429)\r\n\tat api.StepDefinitions.ProgramCreateSteps.response_status_code_should_be(ProgramCreateSteps.java:141)\r\n\tat ✽.Response status code should be \"201\"(file:///C:/Users/manal_/git/Team04_APIAvengers_LMSHackathon/src/test/resources/features/02programModule/programCreate.feature:30)\r\n"},"stage":"finished","steps":[],"attachments":[],"parameters":[],"start":1732305325725,"stop":1732305325754}],"attachments":[],"parameters":[{"name":"TestCaseID","value":"TC01"},{"name":"ExpectedStatusCode","value":"201"}],"start":1732305324407,"stop":1732305325755}