{"uuid":"e303e621-faab-4673-ac6d-6e0e1be46cbe","historyId":"70d45e847af954d737b4177fa5625f6c","testCaseId":"9c53c9e6c0e2274a94c3e11c618a9668","fullName":"src/test/resources/features/02programModule/programCreate.feature:72","labels":[{"name":"tag","value":"ProgramModuleAPIVerification"},{"name":"tag","value":"TC5"},{"name":"host","value":"Mahesh_PC"},{"name":"thread","value":"50404@Mahesh_PC.main(1)"},{"name":"feature","value":"Create Program Module"},{"name":"story","value":"Validate API response for creating program with Invalid Method"},{"name":"suite","value":"Create Program Module"},{"name":"testClass","value":"Validate API response for creating program with Invalid Method"},{"name":"framework","value":"cucumber4jvm"},{"name":"language","value":"java"},{"name":"gherkin_uri","value":"file:///C:/Users/manal_/git/Team04_APIAvengers_LMSHackathon/src/test/resources/features/02programModule/programCreate.feature"},{"name":"package","value":"src.test.resources.features.02programModule.programCreate_feature.Create Program Module"}],"links":[],"name":"Validate API response for creating program with Invalid Method","status":"failed","statusDetails":{"known":false,"muted":false,"flaky":false,"message":"expected [405] but found [401]","trace":"java.lang.AssertionError: expected [405] but found [401]\r\n\tat org.testng.Assert.fail(Assert.java:111)\r\n\tat org.testng.Assert.failNotEquals(Assert.java:1578)\r\n\tat org.testng.Assert.assertEqualsImpl(Assert.java:150)\r\n\tat org.testng.Assert.assertEquals(Assert.java:132)\r\n\tat org.testng.Assert.assertEquals(Assert.java:1419)\r\n\tat org.testng.Assert.assertEquals(Assert.java:1383)\r\n\tat org.testng.Assert.assertEquals(Assert.java:1429)\r\n\tat api.StepDefinitions.ProgramCreateSteps.response_status_code_should_be(ProgramCreateSteps.java:153)\r\n\tat ✽.Response status code should be \"405\"(file:///C:/Users/manal_/git/Team04_APIAvengers_LMSHackathon/src/test/resources/features/02programModule/programCreate.feature:68)\r\n"},"stage":"finished","steps":[{"name":"Given Admin creates POST request body for \"POST_PROGRAM_07\"","status":"passed","statusDetails":{"known":false,"muted":false,"flaky":false},"stage":"finished","steps":[],"attachments":[],"parameters":[],"start":1732348400103,"stop":1732348401011},{"name":"When Admin sends \"GET\" request to create program for \"POST_PROGRAM_07\"","status":"passed","statusDetails":{"known":false,"muted":false,"flaky":false},"stage":"finished","steps":[],"attachments":[],"parameters":[],"start":1732348401013,"stop":1732348402723},{"name":"Then Response status code should be \"405\"","status":"failed","statusDetails":{"known":false,"muted":false,"flaky":false,"message":"expected [405] but found [401]","trace":"java.lang.AssertionError: expected [405] but found [401]\r\n\tat org.testng.Assert.fail(Assert.java:111)\r\n\tat org.testng.Assert.failNotEquals(Assert.java:1578)\r\n\tat org.testng.Assert.assertEqualsImpl(Assert.java:150)\r\n\tat org.testng.Assert.assertEquals(Assert.java:132)\r\n\tat org.testng.Assert.assertEquals(Assert.java:1419)\r\n\tat org.testng.Assert.assertEquals(Assert.java:1383)\r\n\tat org.testng.Assert.assertEquals(Assert.java:1429)\r\n\tat api.StepDefinitions.ProgramCreateSteps.response_status_code_should_be(ProgramCreateSteps.java:153)\r\n\tat ✽.Response status code should be \"405\"(file:///C:/Users/manal_/git/Team04_APIAvengers_LMSHackathon/src/test/resources/features/02programModule/programCreate.feature:68)\r\n"},"stage":"finished","steps":[],"attachments":[],"parameters":[],"start":1732348402725,"stop":1732348402740}],"attachments":[],"parameters":[{"name":"TestCaseID","value":"POST_PROGRAM_07"},{"name":"ExpectedStatusCode","value":"405"},{"name":"Method","value":"GET"}],"start":1732348400096,"stop":1732348402742}