{"uuid":"f4473916-4765-4b2e-95ff-7035d8e3e24f","historyId":"3f9d69adca2864779ea5872f8287414e","testCaseId":"c8d019ecd04f8857ac7f1cbca92062f7","fullName":"src/test/resources/features/02programModule/programCreate.feature:115","labels":[{"name":"tag","value":"ProgramModuleAPIVerification"},{"name":"tag","value":"TC10"},{"name":"host","value":"Mahesh_PC"},{"name":"thread","value":"39360@Mahesh_PC.main(1)"},{"name":"feature","value":"Create Program Module"},{"name":"story","value":"Validate API response for updating program by ID"},{"name":"suite","value":"Create Program Module"},{"name":"testClass","value":"Validate API response for updating program by ID"},{"name":"framework","value":"cucumber4jvm"},{"name":"language","value":"java"},{"name":"gherkin_uri","value":"file:///C:/Users/manal_/git/Team04_APIAvengers_LMSHackathon/src/test/resources/features/02programModule/programCreate.feature"},{"name":"package","value":"src.test.resources.features.02programModule.programCreate_feature.Create Program Module"}],"links":[],"name":"Validate API response for updating program by ID","status":"failed","statusDetails":{"known":false,"muted":false,"flaky":false,"message":"expected [200] but found [401]","trace":"java.lang.AssertionError: expected [200] but found [401]\r\n\tat org.testng.Assert.fail(Assert.java:111)\r\n\tat org.testng.Assert.failNotEquals(Assert.java:1578)\r\n\tat org.testng.Assert.assertEqualsImpl(Assert.java:150)\r\n\tat org.testng.Assert.assertEquals(Assert.java:132)\r\n\tat org.testng.Assert.assertEquals(Assert.java:1419)\r\n\tat org.testng.Assert.assertEquals(Assert.java:1383)\r\n\tat org.testng.Assert.assertEquals(Assert.java:1429)\r\n\tat api.StepDefinitions.ProgramCreateSteps.response_status_code_should_be(ProgramCreateSteps.java:239)\r\n\tat ✽.Response status code should be \"200\"(file:///C:/Users/manal_/git/Team04_APIAvengers_LMSHackathon/src/test/resources/features/02programModule/programCreate.feature:110)\r\n"},"stage":"finished","steps":[{"name":"Given Admin creates PUT request body for \"PUT_PROGRAM_ID_02\"","status":"passed","statusDetails":{"known":false,"muted":false,"flaky":false},"stage":"finished","steps":[],"attachments":[],"parameters":[],"start":1732494028946,"stop":1732494028987},{"name":"When Admin sends PUT request for 1 by Program ID for \"PUT_PROGRAM_ID_02\"","status":"passed","statusDetails":{"known":false,"muted":false,"flaky":false},"stage":"finished","steps":[],"attachments":[],"parameters":[],"start":1732494028987,"stop":1732494029181},{"name":"Then Response status code should be \"200\"","status":"failed","statusDetails":{"known":false,"muted":false,"flaky":false,"message":"expected [200] but found [401]","trace":"java.lang.AssertionError: expected [200] but found [401]\r\n\tat org.testng.Assert.fail(Assert.java:111)\r\n\tat org.testng.Assert.failNotEquals(Assert.java:1578)\r\n\tat org.testng.Assert.assertEqualsImpl(Assert.java:150)\r\n\tat org.testng.Assert.assertEquals(Assert.java:132)\r\n\tat org.testng.Assert.assertEquals(Assert.java:1419)\r\n\tat org.testng.Assert.assertEquals(Assert.java:1383)\r\n\tat org.testng.Assert.assertEquals(Assert.java:1429)\r\n\tat api.StepDefinitions.ProgramCreateSteps.response_status_code_should_be(ProgramCreateSteps.java:239)\r\n\tat ✽.Response status code should be \"200\"(file:///C:/Users/manal_/git/Team04_APIAvengers_LMSHackathon/src/test/resources/features/02programModule/programCreate.feature:110)\r\n"},"stage":"finished","steps":[],"attachments":[],"parameters":[],"start":1732494029182,"stop":1732494029185}],"attachments":[],"parameters":[{"name":"TestCaseID","value":"PUT_PROGRAM_ID_02"},{"name":"ExpectedStatusCode","value":"200"},{"name":"programIndex","value":"1"}],"start":1732494028946,"stop":1732494029186}