<?xml version="1.0" encoding="UTF-8"?>
<testng-results ignored="0" total="3" passed="2" failed="1" skipped="0">
  <reporter-output>
  </reporter-output>
  <suite started-at="2024-11-24T20:29:53 CST" name="Default suite" finished-at="2024-11-24T20:29:59 CST" duration-ms="5400">
    <groups>
      <group name="cucumber">
        <method signature="AbstractTestNGCucumberTests.runScenario(io.cucumber.testng.PickleWrapper,io.cucumber.testng.FeatureWrapper)[pri:0, instance:api.TestRunner.TestRunner@3af9c5b7]" name="runScenario" class="io.cucumber.testng.AbstractTestNGCucumberTests"/>
      </group> <!-- cucumber -->
    </groups>
    <test started-at="2024-11-24T20:29:53 CST" name="Default test" finished-at="2024-11-24T20:29:59 CST" duration-ms="5400">
      <class name="api.TestRunner.TestRunner">
        <test-method is-config="true" signature="setUpClass(org.testng.ITestContext)[pri:0, instance:api.TestRunner.TestRunner@3af9c5b7]" started-at="2024-11-24T20:29:53 CST" name="setUpClass" finished-at="2024-11-24T20:29:54 CST" duration-ms="768" status="PASS">
          <params>
            <param index="0">
              <value>
                <![CDATA[org.testng.TestRunner@3ab70d34]]>
              </value>
            </param>
          </params>
          <reporter-output>
          </reporter-output>
        </test-method> <!-- setUpClass -->
        <test-method signature="runScenario(io.cucumber.testng.PickleWrapper,io.cucumber.testng.FeatureWrapper)[pri:0, instance:api.TestRunner.TestRunner@3af9c5b7]" started-at="2024-11-24T20:29:54 CST" name="runScenario" description="Runs Cucumber Scenarios" data-provider="scenarios" finished-at="2024-11-24T20:29:57 CST" duration-ms="2913" status="PASS">
          <params>
            <param index="0">
              <value>
                <![CDATA["User Login Scenario"]]>
              </value>
            </param>
            <param index="1">
              <value>
                <![CDATA["User Login Module"]]>
              </value>
            </param>
          </params>
          <reporter-output>
          </reporter-output>
        </test-method> <!-- runScenario -->
        <test-method signature="runScenario(io.cucumber.testng.PickleWrapper,io.cucumber.testng.FeatureWrapper)[pri:0, instance:api.TestRunner.TestRunner@3af9c5b7]" started-at="2024-11-24T20:29:57 CST" name="runScenario" description="Runs Cucumber Scenarios" data-provider="scenarios" finished-at="2024-11-24T20:29:58 CST" duration-ms="1282" status="PASS">
          <params>
            <param index="0">
              <value>
                <![CDATA["Validate API response for creating a program"]]>
              </value>
            </param>
            <param index="1">
              <value>
                <![CDATA["Create Program Module"]]>
              </value>
            </param>
          </params>
          <reporter-output>
          </reporter-output>
        </test-method> <!-- runScenario -->
        <test-method signature="runScenario(io.cucumber.testng.PickleWrapper,io.cucumber.testng.FeatureWrapper)[pri:0, instance:api.TestRunner.TestRunner@3af9c5b7]" started-at="2024-11-24T20:29:58 CST" name="runScenario" description="Runs Cucumber Scenarios" data-provider="scenarios" finished-at="2024-11-24T20:29:59 CST" duration-ms="356" status="FAIL">
          <params>
            <param index="0">
              <value>
                <![CDATA["Delete program by ID with valid endpoint"]]>
              </value>
            </param>
            <param index="1">
              <value>
                <![CDATA["Delete Program Module"]]>
              </value>
            </param>
          </params>
          <exception class="java.lang.AssertionError">
            <message>
              <![CDATA[Expected status code 200, but no response was received.]]>
            </message>
            <full-stacktrace>
              <![CDATA[java.lang.AssertionError: Expected status code 200, but no response was received.
at org.testng.Assert.fail(Assert.java:111)
at api.StepDefinitions.ProgramCreateSteps.response_status_code_should_be(ProgramCreateSteps.java:236)
at âœ½.Response status code should be "200"(file:///C:/Users/manal_/git/Team04_APIAvengers_LMSHackathon/src/test/resources/features/02programModule/04programDelete.feature:9)
]]>
            </full-stacktrace>
          </exception> <!-- java.lang.AssertionError -->
          <reporter-output>
          </reporter-output>
        </test-method> <!-- runScenario -->
        <test-method is-config="true" signature="tearDownClass()[pri:0, instance:api.TestRunner.TestRunner@3af9c5b7]" started-at="2024-11-24T20:29:59 CST" name="tearDownClass" finished-at="2024-11-24T20:29:59 CST" duration-ms="29" status="PASS">
          <reporter-output>
          </reporter-output>
        </test-method> <!-- tearDownClass -->
      </class> <!-- api.TestRunner.TestRunner -->
    </test> <!-- Default test -->
  </suite> <!-- Default suite -->
</testng-results>
